<?xml version="1.0" encoding="UTF-8"?>
<!-- Generated by org.testng.reporters.JUnitReportReporter -->
<testsuite hostname="lspc" name="learnJenkins.RediffSearch" tests="1" failures="0" timestamp="22 Mar 2018 20:54:40 GMT" time="37.307" errors="0">
  <testcase name="loginTest" time="37.307" classname="learnJenkins.RediffSearch"/>
</testsuite> <!-- learnJenkins.RediffSearch -->
