<?xml version="1.0" encoding="UTF-8"?>
<!-- Generated by org.testng.reporters.JUnitReportReporter -->
<testsuite hostname="lspc" name="myPackage.SmokeTest" tests="1" failures="0" timestamp="22 Mar 2018 17:38:34 GMT" time="44.450" errors="0">
  <testcase name="loginTest" time="44.450" classname="myPackage.SmokeTest"/>
</testsuite> <!-- myPackage.SmokeTest -->
